<?xml version="1.0" encoding="UTF-8"?>
<!-- Generated by org.testng.reporters.JUnitReportReporter -->
<testsuite hostname="LAPTOP-7O16CKC5" failures="0" tests="3" name="Test_package.Testclass_testng" time="0.011" errors="0" timestamp="2022-09-10T13:35:30 IST" skipped="0">
  <testcase classname="Test_package.Testclass_testng" name="testB" time="0.001"/>
  <system-out/>
  <testcase classname="Test_package.Testclass_testng" name="testC" time="0.002"/>
  <system-out/>
  <testcase classname="Test_package.Testclass_testng" name="testA" time="0.008"/>
  <system-out/>
</testsuite> <!-- Test_package.Testclass_testng -->
