<?xml version="1.0" encoding="UTF-8"?>
<!-- Generated by org.testng.reporters.JUnitReportReporter -->
<testsuite hostname="LAPTOP-7O16CKC5" failures="0" tests="3" name="Test_package.TestClass_A" time="5.880" errors="0" timestamp="2022-09-12T11:26:34 IST" skipped="0">
  <testcase classname="Test_package.TestClass_A" name="testC" time="0.019"/>
  <system-out/>
  <testcase classname="Test_package.TestClass_A" name="verifyLoginpage" time="5.851"/>
  <system-out/>
  <testcase classname="Test_package.TestClass_A" name="testB" time="0.010"/>
  <system-out/>
</testsuite> <!-- Test_package.TestClass_A -->
